<?xml version="1.0" encoding="UTF-8"?>
<testng-results ignored="0" total="1" passed="1" failed="0" skipped="0">
  <reporter-output>
  </reporter-output>
  <suite started-at="2024-09-18T15:42:40 EDT" name="Default suite" finished-at="2024-09-18T15:42:44 EDT" duration-ms="3919">
    <groups>
      <group name="cucumber">
        <method signature="AbstractTestNGCucumberTests.runScenario(io.cucumber.testng.PickleWrapper,io.cucumber.testng.FeatureWrapper)[pri:0, instance:runner.ArrayRun@291b4bf5]" name="runScenario" class="io.cucumber.testng.AbstractTestNGCucumberTests"/>
      </group> <!-- cucumber -->
    </groups>
    <test started-at="2024-09-18T15:42:40 EDT" name="Default test" finished-at="2024-09-18T15:42:44 EDT" duration-ms="3919">
      <class name="runner.ArrayRun">
        <test-method is-config="true" signature="setUpClass(org.testng.ITestContext)[pri:0, instance:runner.ArrayRun@291b4bf5]" started-at="2024-09-18T15:42:40 EDT" name="setUpClass" finished-at="2024-09-18T15:42:41 EDT" duration-ms="424" status="PASS">
          <params>
            <param index="0">
              <value>
                <![CDATA[org.testng.TestRunner@28e19366]]>
              </value>
            </param>
          </params>
          <reporter-output>
          </reporter-output>
        </test-method> <!-- setUpClass -->
        <test-method signature="runScenario(io.cucumber.testng.PickleWrapper,io.cucumber.testng.FeatureWrapper)[pri:0, instance:runner.ArrayRun@291b4bf5]" started-at="2024-09-18T15:42:41 EDT" name="runScenario" description="Runs Cucumber Scenarios" data-provider="scenarios" finished-at="2024-09-18T15:42:44 EDT" duration-ms="3428" status="PASS">
          <params>
            <param index="0">
              <value>
                <![CDATA["Validating Array Module"]]>
              </value>
            </param>
            <param index="1">
              <value>
                <![CDATA["DsPortal Array Page Functionality"]]>
              </value>
            </param>
          </params>
          <reporter-output>
          </reporter-output>
        </test-method> <!-- runScenario -->
        <test-method is-config="true" signature="tearDownClass()[pri:0, instance:runner.ArrayRun@291b4bf5]" started-at="2024-09-18T15:42:44 EDT" name="tearDownClass" finished-at="2024-09-18T15:42:44 EDT" duration-ms="36" status="PASS">
          <reporter-output>
          </reporter-output>
        </test-method> <!-- tearDownClass -->
      </class> <!-- runner.ArrayRun -->
    </test> <!-- Default test -->
  </suite> <!-- Default suite -->
</testng-results>
