<?xml version="1.0" encoding="UTF-8"?>
<testng-results ignored="0" total="13" passed="13" failed="0" skipped="0">
  <reporter-output>
  </reporter-output>
  <suite started-at="2024-10-14T14:31:20 EDT" name="Default suite" finished-at="2024-10-14T14:33:26 EDT" duration-ms="125595">
    <groups>
      <group name="cucumber">
        <method signature="AbstractTestNGCucumberTests.runScenario(io.cucumber.testng.PickleWrapper,io.cucumber.testng.FeatureWrapper)[pri:0, instance:testRunner.TestRunner@762ef0ea]" name="runScenario" class="io.cucumber.testng.AbstractTestNGCucumberTests"/>
      </group> <!-- cucumber -->
    </groups>
    <test started-at="2024-10-14T14:31:20 EDT" name="Default test" finished-at="2024-10-14T14:33:26 EDT" duration-ms="125595">
      <class name="testRunner.TestRunner">
        <test-method is-config="true" signature="setUpClass(org.testng.ITestContext)[pri:0, instance:testRunner.TestRunner@762ef0ea]" started-at="2024-10-14T14:31:20 EDT" name="setUpClass" finished-at="2024-10-14T14:31:21 EDT" duration-ms="540" status="PASS">
          <params>
            <param index="0">
              <value>
                <![CDATA[org.testng.TestRunner@28357fc3]]>
              </value>
            </param>
          </params>
          <reporter-output>
          </reporter-output>
        </test-method> <!-- setUpClass -->
        <test-method signature="runScenario(io.cucumber.testng.PickleWrapper,io.cucumber.testng.FeatureWrapper)[pri:0, instance:testRunner.TestRunner@762ef0ea]" started-at="2024-10-14T14:31:21 EDT" name="runScenario" description="Runs Cucumber Scenarios" data-provider="scenarios" finished-at="2024-10-14T14:31:31 EDT" duration-ms="10372" status="PASS">
          <params>
            <param index="0">
              <value>
                <![CDATA["Validating Run button with valid and invalid code in Search the Array Page"]]>
              </value>
            </param>
            <param index="1">
              <value>
                <![CDATA["DsPortal Array Page Functionality"]]>
              </value>
            </param>
          </params>
          <reporter-output>
          </reporter-output>
        </test-method> <!-- runScenario -->
        <test-method signature="runScenario(io.cucumber.testng.PickleWrapper,io.cucumber.testng.FeatureWrapper)[pri:0, instance:testRunner.TestRunner@762ef0ea]" started-at="2024-10-14T14:31:31 EDT" name="runScenario" description="Runs Cucumber Scenarios" data-provider="scenarios" finished-at="2024-10-14T14:31:40 EDT" duration-ms="8809" status="PASS">
          <params>
            <param index="0">
              <value>
                <![CDATA["Validating Run button with valid and invalid code in Search the Array Page"]]>
              </value>
            </param>
            <param index="1">
              <value>
                <![CDATA["DsPortal Array Page Functionality"]]>
              </value>
            </param>
          </params>
          <reporter-output>
          </reporter-output>
        </test-method> <!-- runScenario -->
        <test-method signature="runScenario(io.cucumber.testng.PickleWrapper,io.cucumber.testng.FeatureWrapper)[pri:0, instance:testRunner.TestRunner@762ef0ea]" started-at="2024-10-14T14:31:40 EDT" name="runScenario" description="Runs Cucumber Scenarios" data-provider="scenarios" finished-at="2024-10-14T14:31:47 EDT" duration-ms="7144" status="PASS">
          <params>
            <param index="0">
              <value>
                <![CDATA["Validating Run button with valid and invalid code in Search the Array Page"]]>
              </value>
            </param>
            <param index="1">
              <value>
                <![CDATA["DsPortal Array Page Functionality"]]>
              </value>
            </param>
          </params>
          <reporter-output>
          </reporter-output>
        </test-method> <!-- runScenario -->
        <test-method signature="runScenario(io.cucumber.testng.PickleWrapper,io.cucumber.testng.FeatureWrapper)[pri:0, instance:testRunner.TestRunner@762ef0ea]" started-at="2024-10-14T14:31:47 EDT" name="runScenario" description="Runs Cucumber Scenarios" data-provider="scenarios" finished-at="2024-10-14T14:31:55 EDT" duration-ms="8111" status="PASS">
          <params>
            <param index="0">
              <value>
                <![CDATA["Validating Submit button with valid and invalid code in Search the Array Page"]]>
              </value>
            </param>
            <param index="1">
              <value>
                <![CDATA["DsPortal Array Page Functionality"]]>
              </value>
            </param>
          </params>
          <reporter-output>
          </reporter-output>
        </test-method> <!-- runScenario -->
        <test-method signature="runScenario(io.cucumber.testng.PickleWrapper,io.cucumber.testng.FeatureWrapper)[pri:0, instance:testRunner.TestRunner@762ef0ea]" started-at="2024-10-14T14:31:55 EDT" name="runScenario" description="Runs Cucumber Scenarios" data-provider="scenarios" finished-at="2024-10-14T14:32:04 EDT" duration-ms="8994" status="PASS">
          <params>
            <param index="0">
              <value>
                <![CDATA["Validating Run button with valid and invalid code in Max Consecutive Ones Page"]]>
              </value>
            </param>
            <param index="1">
              <value>
                <![CDATA["DsPortal Array Page Functionality"]]>
              </value>
            </param>
          </params>
          <reporter-output>
          </reporter-output>
        </test-method> <!-- runScenario -->
        <test-method signature="runScenario(io.cucumber.testng.PickleWrapper,io.cucumber.testng.FeatureWrapper)[pri:0, instance:testRunner.TestRunner@762ef0ea]" started-at="2024-10-14T14:32:04 EDT" name="runScenario" description="Runs Cucumber Scenarios" data-provider="scenarios" finished-at="2024-10-14T14:32:13 EDT" duration-ms="8754" status="PASS">
          <params>
            <param index="0">
              <value>
                <![CDATA["Validating Run button with valid and invalid code in Max Consecutive Ones Page"]]>
              </value>
            </param>
            <param index="1">
              <value>
                <![CDATA["DsPortal Array Page Functionality"]]>
              </value>
            </param>
          </params>
          <reporter-output>
          </reporter-output>
        </test-method> <!-- runScenario -->
        <test-method signature="runScenario(io.cucumber.testng.PickleWrapper,io.cucumber.testng.FeatureWrapper)[pri:0, instance:testRunner.TestRunner@762ef0ea]" started-at="2024-10-14T14:32:13 EDT" name="runScenario" description="Runs Cucumber Scenarios" data-provider="scenarios" finished-at="2024-10-14T14:32:22 EDT" duration-ms="8506" status="PASS">
          <params>
            <param index="0">
              <value>
                <![CDATA["Validating Submit button with valid and invalid code in Max Consecutive Ones Page"]]>
              </value>
            </param>
            <param index="1">
              <value>
                <![CDATA["DsPortal Array Page Functionality"]]>
              </value>
            </param>
          </params>
          <reporter-output>
          </reporter-output>
        </test-method> <!-- runScenario -->
        <test-method signature="runScenario(io.cucumber.testng.PickleWrapper,io.cucumber.testng.FeatureWrapper)[pri:0, instance:testRunner.TestRunner@762ef0ea]" started-at="2024-10-14T14:32:22 EDT" name="runScenario" description="Runs Cucumber Scenarios" data-provider="scenarios" finished-at="2024-10-14T14:32:32 EDT" duration-ms="9966" status="PASS">
          <params>
            <param index="0">
              <value>
                <![CDATA["Validating Run button with valid and invalid code in Find Numbers with Even Number of Digits Page"]]>
              </value>
            </param>
            <param index="1">
              <value>
                <![CDATA["DsPortal Array Page Functionality"]]>
              </value>
            </param>
          </params>
          <reporter-output>
          </reporter-output>
        </test-method> <!-- runScenario -->
        <test-method signature="runScenario(io.cucumber.testng.PickleWrapper,io.cucumber.testng.FeatureWrapper)[pri:0, instance:testRunner.TestRunner@762ef0ea]" started-at="2024-10-14T14:32:32 EDT" name="runScenario" description="Runs Cucumber Scenarios" data-provider="scenarios" finished-at="2024-10-14T14:32:40 EDT" duration-ms="8923" status="PASS">
          <params>
            <param index="0">
              <value>
                <![CDATA["Validating Run button with valid and invalid code in Find Numbers with Even Number of Digits Page"]]>
              </value>
            </param>
            <param index="1">
              <value>
                <![CDATA["DsPortal Array Page Functionality"]]>
              </value>
            </param>
          </params>
          <reporter-output>
          </reporter-output>
        </test-method> <!-- runScenario -->
        <test-method signature="runScenario(io.cucumber.testng.PickleWrapper,io.cucumber.testng.FeatureWrapper)[pri:0, instance:testRunner.TestRunner@762ef0ea]" started-at="2024-10-14T14:32:40 EDT" name="runScenario" description="Runs Cucumber Scenarios" data-provider="scenarios" finished-at="2024-10-14T14:32:51 EDT" duration-ms="10665" status="PASS">
          <params>
            <param index="0">
              <value>
                <![CDATA["Validating Submit button with valid and invalid code in Find Numbers with Even Number of Digits Page"]]>
              </value>
            </param>
            <param index="1">
              <value>
                <![CDATA["DsPortal Array Page Functionality"]]>
              </value>
            </param>
          </params>
          <reporter-output>
          </reporter-output>
        </test-method> <!-- runScenario -->
        <test-method signature="runScenario(io.cucumber.testng.PickleWrapper,io.cucumber.testng.FeatureWrapper)[pri:0, instance:testRunner.TestRunner@762ef0ea]" started-at="2024-10-14T14:32:51 EDT" name="runScenario" description="Runs Cucumber Scenarios" data-provider="scenarios" finished-at="2024-10-14T14:33:08 EDT" duration-ms="17000" status="PASS">
          <params>
            <param index="0">
              <value>
                <![CDATA["Validating Run button with valid and invalid code in Squares of a Sorted Array Page"]]>
              </value>
            </param>
            <param index="1">
              <value>
                <![CDATA["DsPortal Array Page Functionality"]]>
              </value>
            </param>
          </params>
          <reporter-output>
          </reporter-output>
        </test-method> <!-- runScenario -->
        <test-method signature="runScenario(io.cucumber.testng.PickleWrapper,io.cucumber.testng.FeatureWrapper)[pri:0, instance:testRunner.TestRunner@762ef0ea]" started-at="2024-10-14T14:33:08 EDT" name="runScenario" description="Runs Cucumber Scenarios" data-provider="scenarios" finished-at="2024-10-14T14:33:17 EDT" duration-ms="8698" status="PASS">
          <params>
            <param index="0">
              <value>
                <![CDATA["Validating Run button with valid and invalid code in Squares of a Sorted Array Page"]]>
              </value>
            </param>
            <param index="1">
              <value>
                <![CDATA["DsPortal Array Page Functionality"]]>
              </value>
            </param>
          </params>
          <reporter-output>
          </reporter-output>
        </test-method> <!-- runScenario -->
        <test-method signature="runScenario(io.cucumber.testng.PickleWrapper,io.cucumber.testng.FeatureWrapper)[pri:0, instance:testRunner.TestRunner@762ef0ea]" started-at="2024-10-14T14:33:17 EDT" name="runScenario" description="Runs Cucumber Scenarios" data-provider="scenarios" finished-at="2024-10-14T14:33:26 EDT" duration-ms="9042" status="PASS">
          <params>
            <param index="0">
              <value>
                <![CDATA["Validating Submit button with valid and invalid code in Squares of a Sorted Array Page"]]>
              </value>
            </param>
            <param index="1">
              <value>
                <![CDATA["DsPortal Array Page Functionality"]]>
              </value>
            </param>
          </params>
          <reporter-output>
          </reporter-output>
        </test-method> <!-- runScenario -->
        <test-method is-config="true" signature="tearDownClass()[pri:0, instance:testRunner.TestRunner@762ef0ea]" started-at="2024-10-14T14:33:26 EDT" name="tearDownClass" finished-at="2024-10-14T14:33:26 EDT" duration-ms="25" status="PASS">
          <reporter-output>
          </reporter-output>
        </test-method> <!-- tearDownClass -->
      </class> <!-- testRunner.TestRunner -->
    </test> <!-- Default test -->
  </suite> <!-- Default suite -->
</testng-results>
