<?xml version="1.0" encoding="UTF-8"?>
<!-- Generated by org.testng.reporters.JUnitReportReporter -->
<testsuite hostname="Sangeetha" failures="0" tests="13" name="testRunner.TestRunner" time="124.984" errors="0" timestamp="2024-10-14T14:33:26 EDT" skipped="0">
  <testcase classname="testRunner.TestRunner" name="runScenario" time="10.372"/>
  <testcase classname="testRunner.TestRunner" name="runScenario" time="8.754"/>
  <testcase classname="testRunner.TestRunner" name="runScenario" time="8.506"/>
  <testcase classname="testRunner.TestRunner" name="runScenario" time="8.994"/>
  <testcase classname="testRunner.TestRunner" name="runScenario" time="7.144"/>
  <testcase classname="testRunner.TestRunner" name="runScenario" time="8.111"/>
  <testcase classname="testRunner.TestRunner" name="runScenario" time="17.000"/>
  <testcase classname="testRunner.TestRunner" name="runScenario" time="9.966"/>
  <testcase classname="testRunner.TestRunner" name="runScenario" time="10.665"/>
  <testcase classname="testRunner.TestRunner" name="runScenario" time="9.042"/>
  <testcase classname="testRunner.TestRunner" name="runScenario" time="8.809"/>
  <testcase classname="testRunner.TestRunner" name="runScenario" time="8.698"/>
  <testcase classname="testRunner.TestRunner" name="runScenario" time="8.923"/>
</testsuite> <!-- testRunner.TestRunner -->
