<?xml version="1.0" encoding="UTF-8"?>
<!-- Generated by org.testng.reporters.JUnitReportReporter -->
<testsuite hostname="Sangeetha" failures="0" tests="3" name="runner.ArrayRun" time="9.438" errors="0" timestamp="2024-09-19T15:53:36 EDT" skipped="0">
  <testcase classname="runner.ArrayRun" name="runScenario" time="3.143"/>
  <testcase classname="runner.ArrayRun" name="runScenario" time="3.215"/>
  <testcase classname="runner.ArrayRun" name="runScenario" time="3.080"/>
</testsuite> <!-- runner.ArrayRun -->
